<?xml version="1.0" encoding="UTF-8"?>
<!-- Generated by org.testng.reporters.JUnitXMLReporter -->
<testsuite hostname="dsr-PC" ignored="0" name="Command line test" tests="3" failures="2" timestamp="09 Jun 2019 03:38:41 GMT" time="11.231" errors="0">
  <testcase name="newUserSignUpSuccessfull" time="7.786" classname="com.acst.sign.SignUpTest">
    <failure type="javax.ws.rs.InternalServerErrorException">
      <![CDATA[javax.ws.rs.InternalServerErrorException
at org.apache.cxf.jaxrs.client.AbstractClient.convertToWebApplicationException(AbstractClient.java:466)
at org.apache.cxf.jaxrs.client.ClientProxyImpl.checkResponse(ClientProxyImpl.java:311)
at org.apache.cxf.jaxrs.client.ClientProxyImpl.handleResponse(ClientProxyImpl.java:717)
at org.apache.cxf.jaxrs.client.ClientProxyImpl.doChainedInvocation(ClientProxyImpl.java:676)
at org.apache.cxf.jaxrs.client.ClientProxyImpl.invoke(ClientProxyImpl.java:222)
at com.sun.proxy.$Proxy14.doSignUp(Unknown Source)
at com.acst.sign.SignBaseClient.signUp(SignBaseClient.java:23)
at com.acst.sign.SignUpHelper.doSignUp(SignUpHelper.java:24)
at com.acst.sign.SignUpTest.newUserSignUpSuccessfull(SignUpTest.java:26)
... Removed 38 stack frames]]>
    </failure>
  </testcase> <!-- newUserSignUpSuccessfull -->
  <testcase name="signUpAlreadySignUpedUser" time="2.737" classname="com.acst.sign.SignUpTest">
    <failure type="javax.ws.rs.InternalServerErrorException">
      <![CDATA[javax.ws.rs.InternalServerErrorException
at org.apache.cxf.jaxrs.client.AbstractClient.convertToWebApplicationException(AbstractClient.java:466)
at org.apache.cxf.jaxrs.client.ClientProxyImpl.checkResponse(ClientProxyImpl.java:311)
at org.apache.cxf.jaxrs.client.ClientProxyImpl.handleResponse(ClientProxyImpl.java:717)
at org.apache.cxf.jaxrs.client.ClientProxyImpl.doChainedInvocation(ClientProxyImpl.java:676)
at org.apache.cxf.jaxrs.client.ClientProxyImpl.invoke(ClientProxyImpl.java:222)
at com.sun.proxy.$Proxy14.doSignUp(Unknown Source)
at com.acst.sign.SignBaseClient.signUp(SignBaseClient.java:23)
at com.acst.sign.SignUpHelper.doSignUp(SignUpHelper.java:24)
at com.acst.sign.SignUpTest.signUpAlreadySignUpedUser(SignUpTest.java:34)
... Removed 38 stack frames]]>
    </failure>
  </testcase> <!-- signUpAlreadySignUpedUser -->
  <testcase name="signUpWithoutMandatoryParameter" time="0.65" classname="com.acst.sign.SignUpTest"/>
</testsuite> <!-- Command line test -->
