<?xml version="1.0" encoding="UTF-8"?>
<!-- Generated by org.testng.reporters.JUnitXMLReporter -->
<testsuite hostname="dsr-PC" ignored="0" name="Command line test" tests="3" failures="0" timestamp="09 Jun 2019 05:34:01 GMT" time="2.712" errors="0">
  <testcase name="newUserSignUpSuccessfull" time="2.004" classname="com.acst.sign.SignUpTest"/>
  <testcase name="signUpAlreadySignUpedUser" time="0.616" classname="com.acst.sign.SignUpTest"/>
  <testcase name="signUpWithoutMandatoryParameter" time="0.037" classname="com.acst.sign.SignUpTest"/>
</testsuite> <!-- Command line test -->
