<?xml version="1.0" encoding="UTF-8"?>
<testng-results skipped="0" failed="0" ignored="0" total="3" passed="3">
  <reporter-output>
  </reporter-output>
  <suite name="com.acst.sign.SignUpTest" duration-ms="2712" started-at="2019-06-09T05:33:58Z" finished-at="2019-06-09T05:34:01Z">
    <groups>
      <group name="regression">
        <method signature="SignUpTest.newUserSignUpSuccessfull()[pri:0, instance:com.acst.sign.SignUpTest@17c68925]" name="newUserSignUpSuccessfull" class="com.acst.sign.SignUpTest"/>
        <method signature="SignUpTest.signUpAlreadySignUpedUser()[pri:0, instance:com.acst.sign.SignUpTest@17c68925]" name="signUpAlreadySignUpedUser" class="com.acst.sign.SignUpTest"/>
        <method signature="SignUpTest.signUpWithoutMandatoryParameter()[pri:0, instance:com.acst.sign.SignUpTest@17c68925]" name="signUpWithoutMandatoryParameter" class="com.acst.sign.SignUpTest"/>
      </group> <!-- regression -->
      <group name="sanity">
        <method signature="SignUpTest.newUserSignUpSuccessfull()[pri:0, instance:com.acst.sign.SignUpTest@17c68925]" name="newUserSignUpSuccessfull" class="com.acst.sign.SignUpTest"/>
        <method signature="SignUpTest.signUpAlreadySignUpedUser()[pri:0, instance:com.acst.sign.SignUpTest@17c68925]" name="signUpAlreadySignUpedUser" class="com.acst.sign.SignUpTest"/>
      </group> <!-- sanity -->
    </groups>
    <test name="Command line test" duration-ms="2712" started-at="2019-06-09T05:33:58Z" finished-at="2019-06-09T05:34:01Z">
      <class name="com.acst.sign.SignUpTest">
        <test-method status="PASS" signature="newUserSignUpSuccessfull()[pri:0, instance:com.acst.sign.SignUpTest@17c68925]" name="newUserSignUpSuccessfull" duration-ms="2004" started-at="2019-06-09T05:33:58Z" description="Sign up for new user and verify whether signUp is successfull or not" finished-at="2019-06-09T05:34:00Z">
          <reporter-output>
          </reporter-output>
        </test-method> <!-- newUserSignUpSuccessfull -->
        <test-method status="PASS" signature="signUpAlreadySignUpedUser()[pri:0, instance:com.acst.sign.SignUpTest@17c68925]" name="signUpAlreadySignUpedUser" duration-ms="616" started-at="2019-06-09T05:34:00Z" description="Sign up for already signedup user and verify" finished-at="2019-06-09T05:34:00Z">
          <reporter-output>
          </reporter-output>
        </test-method> <!-- signUpAlreadySignUpedUser -->
        <test-method status="PASS" signature="signUpWithoutMandatoryParameter()[pri:0, instance:com.acst.sign.SignUpTest@17c68925]" name="signUpWithoutMandatoryParameter" duration-ms="37" started-at="2019-06-09T05:34:00Z" description="Sign up without mandatory parameter and verify" finished-at="2019-06-09T05:34:01Z">
          <reporter-output>
          </reporter-output>
        </test-method> <!-- signUpWithoutMandatoryParameter -->
      </class> <!-- com.acst.sign.SignUpTest -->
    </test> <!-- Command line test -->
  </suite> <!-- com.acst.sign.SignUpTest -->
</testng-results>
