<?xml version="1.0" encoding="UTF-8" ?>
<testsuite tests="3" failures="2" name="com.acst.sign.SignUpTest" time="11.181" errors="0" skipped="0">
  <properties>
[...]
</properties>
  <testcase classname="com.acst.sign.SignUpTest" name="newUserSignUpSuccessfull" time="7.813">
    <failure type="javax.ws.rs.InternalServerErrorException">javax.ws.rs.InternalServerErrorException
	at sun.reflect.NativeConstructorAccessorImpl.newInstance0(Native Method)
	at sun.reflect.NativeConstructorAccessorImpl.newInstance(NativeConstructorAccessorImpl.java:62)
	at sun.reflect.DelegatingConstructorAccessorImpl.newInstance(DelegatingConstructorAccessorImpl.java:45)
	at java.lang.reflect.Constructor.newInstance(Constructor.java:423)
	at org.apache.cxf.jaxrs.client.AbstractClient.convertToWebApplicationException(AbstractClient.java:466)
	at org.apache.cxf.jaxrs.client.ClientProxyImpl.checkResponse(ClientProxyImpl.java:311)
	at org.apache.cxf.jaxrs.client.ClientProxyImpl.handleResponse(ClientProxyImpl.java:717)
	at org.apache.cxf.jaxrs.client.ClientProxyImpl.doChainedInvocation(ClientProxyImpl.java:676)
	at org.apache.cxf.jaxrs.client.ClientProxyImpl.invoke(ClientProxyImpl.java:222)
	at com.sun.proxy.$Proxy14.doSignUp(Unknown Source)
	at com.acst.sign.SignBaseClient.signUp(SignBaseClient.java:23)
	at com.acst.sign.SignUpHelper.doSignUp(SignUpHelper.java:24)
	at com.acst.sign.SignUpTest.newUserSignUpSuccessfull(SignUpTest.java:26)
</failure>
    <system-out>Configuring TestNG with: org.apache.maven.surefire.testng.conf.TestNG652Configurator@58d25a40
</system-out>
  </testcase>
  <testcase classname="com.acst.sign.SignUpTest" name="signUpAlreadySignUpedUser" time="2.729">
    <failure type="javax.ws.rs.InternalServerErrorException">javax.ws.rs.InternalServerErrorException
	at sun.reflect.NativeConstructorAccessorImpl.newInstance0(Native Method)
	at sun.reflect.NativeConstructorAccessorImpl.newInstance(NativeConstructorAccessorImpl.java:62)
	at sun.reflect.DelegatingConstructorAccessorImpl.newInstance(DelegatingConstructorAccessorImpl.java:45)
	at java.lang.reflect.Constructor.newInstance(Constructor.java:423)
	at org.apache.cxf.jaxrs.client.AbstractClient.convertToWebApplicationException(AbstractClient.java:466)
	at org.apache.cxf.jaxrs.client.ClientProxyImpl.checkResponse(ClientProxyImpl.java:311)
	at org.apache.cxf.jaxrs.client.ClientProxyImpl.handleResponse(ClientProxyImpl.java:717)
	at org.apache.cxf.jaxrs.client.ClientProxyImpl.doChainedInvocation(ClientProxyImpl.java:676)
	at org.apache.cxf.jaxrs.client.ClientProxyImpl.invoke(ClientProxyImpl.java:222)
	at com.sun.proxy.$Proxy14.doSignUp(Unknown Source)
	at com.acst.sign.SignBaseClient.signUp(SignBaseClient.java:23)
	at com.acst.sign.SignUpHelper.doSignUp(SignUpHelper.java:24)
	at com.acst.sign.SignUpTest.signUpAlreadySignUpedUser(SignUpTest.java:34)
</failure>
  </testcase>
  <testcase classname="com.acst.sign.SignUpTest" name="signUpWithoutMandatoryParameter" time="0.639"/>
</testsuite>